<?xml version="1.0" encoding="UTF-8"?>
<!-- Generated by org.testng.reporters.JUnitReportReporter -->
<testsuite hostname="thinkcube-HP-ProBook-4540s" failures="0" tests="1" name="com.example.qa.testcases.GoogleSearchTest" time="12.037" errors="0" timestamp="09 Oct 2019 10:01:52 GMT" skipped="0">
  <testcase classname="com.example.qa.testcases.GoogleSearchTest" name="loginTest" time="12.037"/>
</testsuite> <!-- com.example.qa.testcases.GoogleSearchTest -->
