<?xml version="1.0" encoding="UTF-8"?>
<!-- Generated by org.testng.reporters.JUnitReportReporter -->
<testsuite hostname="thinkcube-HP-ProBook-4540s" failures="0" tests="4" name="com.egn.qa.testcases.SearchAuditTest" time="100.415" errors="0" timestamp="2019-09-16T12:55:17 IST" skipped="0">
  <testcase classname="com.egn.qa.testcases.SearchAuditTest" name="startDateTest" time="14.425"/>
  <testcase classname="com.egn.qa.testcases.SearchAuditTest" name="endDateTest" time="35.846"/>
  <testcase classname="com.egn.qa.testcases.SearchAuditTest" name="locationSearchTest" time="35.327"/>
  <testcase classname="com.egn.qa.testcases.SearchAuditTest" name="userSearchTest" time="14.817"/>
</testsuite> <!-- com.egn.qa.testcases.SearchAuditTest -->
